Queensberry Street between Elizabeth Street and O'Connell Street
--> footpath_id: 19082 || address:  || clue_sa: West Melbourne, Residential || asset_type: Road Footway || deltaz: 0.420000 || distance: 4.430000 || grade1in: 10.500000 || mcc_id: 1389319 || mccid_int: 0 || rlmax: 27.550000 || rlmin: 27.130000 || segside:  || statusid: 0 || streetid: 0 || street_group: 19082 || start_lat: -37.807053 || start_lon: 144.955545 || end_lat: -37.806493 || end_lon: 144.955644 || 
Park Drive between Bayles Street and Gatehouse Street
--> footpath_id: 19082 || address:  || clue_sa: West Melbourne, Residential || asset_type: Road Footway || deltaz: 0.420000 || distance: 4.430000 || grade1in: 10.500000 || mcc_id: 1389319 || mccid_int: 0 || rlmax: 27.550000 || rlmin: 27.130000 || segside:  || statusid: 0 || streetid: 0 || street_group: 19082 || start_lat: -37.807053 || start_lon: 144.955545 || end_lat: -37.806493 || end_lon: 144.955644 || 
Franklin Street between Queen Street and William Street
--> footpath_id: 19082 || address:  || clue_sa: West Melbourne, Residential || asset_type: Road Footway || deltaz: 0.420000 || distance: 4.430000 || grade1in: 10.500000 || mcc_id: 1389319 || mccid_int: 0 || rlmax: 27.550000 || rlmin: 27.130000 || segside:  || statusid: 0 || streetid: 0 || street_group: 19082 || start_lat: -37.807053 || start_lon: 144.955545 || end_lat: -37.806493 || end_lon: 144.955644 || 
Wimble Street between Morrah Street and Park Drive
--> footpath_id: 19082 || address:  || clue_sa: West Melbourne, Residential || asset_type: Road Footway || deltaz: 0.420000 || distance: 4.430000 || grade1in: 10.500000 || mcc_id: 1389319 || mccid_int: 0 || rlmax: 27.550000 || rlmin: 27.130000 || segside:  || statusid: 0 || streetid: 0 || street_group: 19082 || start_lat: -37.807053 || start_lon: 144.955545 || end_lat: -37.806493 || end_lon: 144.955644 || 
Reeves Street between Rathdowne Street and Drummond Street
--> footpath_id: 19082 || address:  || clue_sa: West Melbourne, Residential || asset_type: Road Footway || deltaz: 0.420000 || distance: 4.430000 || grade1in: 10.500000 || mcc_id: 1389319 || mccid_int: 0 || rlmax: 27.550000 || rlmin: 27.130000 || segside:  || statusid: 0 || streetid: 0 || street_group: 19082 || start_lat: -37.807053 || start_lon: 144.955545 || end_lat: -37.806493 || end_lon: 144.955644 || 
Queensberry Street between Cobden Street and Peel Street
--> footpath_id: 19082 || address:  || clue_sa: West Melbourne, Residential || asset_type: Road Footway || deltaz: 0.420000 || distance: 4.430000 || grade1in: 10.500000 || mcc_id: 1389319 || mccid_int: 0 || rlmax: 27.550000 || rlmin: 27.130000 || segside:  || statusid: 0 || streetid: 0 || street_group: 19082 || start_lat: -37.807053 || start_lon: 144.955545 || end_lat: -37.806493 || end_lon: 144.955644 || 
Franklin Street between Victoria Street and Swanston Street
--> footpath_id: 19082 || address:  || clue_sa: West Melbourne, Residential || asset_type: Road Footway || deltaz: 0.420000 || distance: 4.430000 || grade1in: 10.500000 || mcc_id: 1389319 || mccid_int: 0 || rlmax: 27.550000 || rlmin: 27.130000 || segside:  || statusid: 0 || streetid: 0 || street_group: 19082 || start_lat: -37.807053 || start_lon: 144.955545 || end_lat: -37.806493 || end_lon: 144.955644 || 
Queensberry Street between Capel Street and Howard Street
--> footpath_id: 19082 || address:  || clue_sa: West Melbourne, Residential || asset_type: Road Footway || deltaz: 0.420000 || distance: 4.430000 || grade1in: 10.500000 || mcc_id: 1389319 || mccid_int: 0 || rlmax: 27.550000 || rlmin: 27.130000 || segside:  || statusid: 0 || streetid: 0 || street_group: 19082 || start_lat: -37.807053 || start_lon: 144.955545 || end_lat: -37.806493 || end_lon: 144.955644 || 
Punch Lane from Little Bourke Street
--> footpath_id: 19082 || address:  || clue_sa: West Melbourne, Residential || asset_type: Road Footway || deltaz: 0.420000 || distance: 4.430000 || grade1in: 10.500000 || mcc_id: 1389319 || mccid_int: 0 || rlmax: 27.550000 || rlmin: 27.130000 || segside:  || statusid: 0 || streetid: 0 || street_group: 19082 || start_lat: -37.807053 || start_lon: 144.955545 || end_lat: -37.806493 || end_lon: 144.955644 || 
Hayward Lane between Little Lonsdale Street and La Trobe Street
--> footpath_id: 19082 || address:  || clue_sa: West Melbourne, Residential || asset_type: Road Footway || deltaz: 0.420000 || distance: 4.430000 || grade1in: 10.500000 || mcc_id: 1389319 || mccid_int: 0 || rlmax: 27.550000 || rlmin: 27.130000 || segside:  || statusid: 0 || streetid: 0 || street_group: 19082 || start_lat: -37.807053 || start_lon: 144.955545 || end_lat: -37.806493 || end_lon: 144.955644 || 
Swanston Street between Elgin Street and College Crescent
--> footpath_id: 19082 || address:  || clue_sa: West Melbourne, Residential || asset_type: Road Footway || deltaz: 0.420000 || distance: 4.430000 || grade1in: 10.500000 || mcc_id: 1389319 || mccid_int: 0 || rlmax: 27.550000 || rlmin: 27.130000 || segside:  || statusid: 0 || streetid: 0 || street_group: 19082 || start_lat: -37.807053 || start_lon: 144.955545 || end_lat: -37.806493 || end_lon: 144.955644 || 
Carlton Street between Nicholson Street and Canning Street
--> footpath_id: 19082 || address:  || clue_sa: West Melbourne, Residential || asset_type: Road Footway || deltaz: 0.420000 || distance: 4.430000 || grade1in: 10.500000 || mcc_id: 1389319 || mccid_int: 0 || rlmax: 27.550000 || rlmin: 27.130000 || segside:  || statusid: 0 || streetid: 0 || street_group: 19082 || start_lat: -37.807053 || start_lon: 144.955545 || end_lat: -37.806493 || end_lon: 144.955644 || 
Gatehouse Street between Morrah Street and Bayles Street
--> footpath_id: 19082 || address:  || clue_sa: West Melbourne, Residential || asset_type: Road Footway || deltaz: 0.420000 || distance: 4.430000 || grade1in: 10.500000 || mcc_id: 1389319 || mccid_int: 0 || rlmax: 27.550000 || rlmin: 27.130000 || segside:  || statusid: 0 || streetid: 0 || street_group: 19082 || start_lat: -37.807053 || start_lon: 144.955545 || end_lat: -37.806493 || end_lon: 144.955644 || 
Cemetery Road West between Royal Parade and College Crescent
--> footpath_id: 19082 || address:  || clue_sa: West Melbourne, Residential || asset_type: Road Footway || deltaz: 0.420000 || distance: 4.430000 || grade1in: 10.500000 || mcc_id: 1389319 || mccid_int: 0 || rlmax: 27.550000 || rlmin: 27.130000 || segside:  || statusid: 0 || streetid: 0 || street_group: 19082 || start_lat: -37.807053 || start_lon: 144.955545 || end_lat: -37.806493 || end_lon: 144.955644 || 
Lonsdale Street between Exhibition Street and Russell Street
--> footpath_id: 19082 || address:  || clue_sa: West Melbourne, Residential || asset_type: Road Footway || deltaz: 0.420000 || distance: 4.430000 || grade1in: 10.500000 || mcc_id: 1389319 || mccid_int: 0 || rlmax: 27.550000 || rlmin: 27.130000 || segside:  || statusid: 0 || streetid: 0 || street_group: 19082 || start_lat: -37.807053 || start_lon: 144.955545 || end_lat: -37.806493 || end_lon: 144.955644 || 
Royal Parade between Gatehouse Street and MacArthur Road
--> footpath_id: 19082 || address:  || clue_sa: West Melbourne, Residential || asset_type: Road Footway || deltaz: 0.420000 || distance: 4.430000 || grade1in: 10.500000 || mcc_id: 1389319 || mccid_int: 0 || rlmax: 27.550000 || rlmin: 27.130000 || segside:  || statusid: 0 || streetid: 0 || street_group: 19082 || start_lat: -37.807053 || start_lon: 144.955545 || end_lat: -37.806493 || end_lon: 144.955644 || 
Leicester Street between Queensberry Street and Pelham Street
--> footpath_id: 19082 || address:  || clue_sa: West Melbourne, Residential || asset_type: Road Footway || deltaz: 0.420000 || distance: 4.430000 || grade1in: 10.500000 || mcc_id: 1389319 || mccid_int: 0 || rlmax: 27.550000 || rlmin: 27.130000 || segside:  || statusid: 0 || streetid: 0 || street_group: 19082 || start_lat: -37.807053 || start_lon: 144.955545 || end_lat: -37.806493 || end_lon: 144.955644 || 
Lygon Street between Victoria Street and Queensberry Street
--> footpath_id: 19082 || address:  || clue_sa: West Melbourne, Residential || asset_type: Road Footway || deltaz: 0.420000 || distance: 4.430000 || grade1in: 10.500000 || mcc_id: 1389319 || mccid_int: 0 || rlmax: 27.550000 || rlmin: 27.130000 || segside:  || statusid: 0 || streetid: 0 || street_group: 19082 || start_lat: -37.807053 || start_lon: 144.955545 || end_lat: -37.806493 || end_lon: 144.955644 || 
Elizabeth Street between Flemington Road and Grattan Street
--> footpath_id: 19082 || address:  || clue_sa: West Melbourne, Residential || asset_type: Road Footway || deltaz: 0.420000 || distance: 4.430000 || grade1in: 10.500000 || mcc_id: 1389319 || mccid_int: 0 || rlmax: 27.550000 || rlmin: 27.130000 || segside:  || statusid: 0 || streetid: 0 || street_group: 19082 || start_lat: -37.807053 || start_lon: 144.955545 || end_lat: -37.806493 || end_lon: 144.955644 || 
Blackwood Street between Flemington Road and Courtney Street
--> footpath_id: 19082 || address:  || clue_sa: West Melbourne, Residential || asset_type: Road Footway || deltaz: 0.420000 || distance: 4.430000 || grade1in: 10.500000 || mcc_id: 1389319 || mccid_int: 0 || rlmax: 27.550000 || rlmin: 27.130000 || segside:  || statusid: 0 || streetid: 0 || street_group: 19082 || start_lat: -37.807053 || start_lon: 144.955545 || end_lat: -37.806493 || end_lon: 144.955644 || 
Rathdowne Street between Pelham Street and Grattan Street
--> footpath_id: 19082 || address:  || clue_sa: West Melbourne, Residential || asset_type: Road Footway || deltaz: 0.420000 || distance: 4.430000 || grade1in: 10.500000 || mcc_id: 1389319 || mccid_int: 0 || rlmax: 27.550000 || rlmin: 27.130000 || segside:  || statusid: 0 || streetid: 0 || street_group: 19082 || start_lat: -37.807053 || start_lon: 144.955545 || end_lat: -37.806493 || end_lon: 144.955644 || 
Evelyn Place between Nicholson Street and Albert Street
--> footpath_id: 19082 || address:  || clue_sa: West Melbourne, Residential || asset_type: Road Footway || deltaz: 0.420000 || distance: 4.430000 || grade1in: 10.500000 || mcc_id: 1389319 || mccid_int: 0 || rlmax: 27.550000 || rlmin: 27.130000 || segside:  || statusid: 0 || streetid: 0 || street_group: 19082 || start_lat: -37.807053 || start_lon: 144.955545 || end_lat: -37.806493 || end_lon: 144.955644 || 
Elizabeth Street between Franklin Street and Therry Street
--> footpath_id: 19082 || address:  || clue_sa: West Melbourne, Residential || asset_type: Road Footway || deltaz: 0.420000 || distance: 4.430000 || grade1in: 10.500000 || mcc_id: 1389319 || mccid_int: 0 || rlmax: 27.550000 || rlmin: 27.130000 || segside:  || statusid: 0 || streetid: 0 || street_group: 19082 || start_lat: -37.807053 || start_lon: 144.955545 || end_lat: -37.806493 || end_lon: 144.955644 || 
David Street between Elgin Street and Palmerston Street
--> footpath_id: 19082 || address:  || clue_sa: West Melbourne, Residential || asset_type: Road Footway || deltaz: 0.420000 || distance: 4.430000 || grade1in: 10.500000 || mcc_id: 1389319 || mccid_int: 0 || rlmax: 27.550000 || rlmin: 27.130000 || segside:  || statusid: 0 || streetid: 0 || street_group: 19082 || start_lat: -37.807053 || start_lon: 144.955545 || end_lat: -37.806493 || end_lon: 144.955644 || 
Swanston Street between Lonsdale Street and Little Lonsdale Street
--> footpath_id: 19082 || address:  || clue_sa: West Melbourne, Residential || asset_type: Road Footway || deltaz: 0.420000 || distance: 4.430000 || grade1in: 10.500000 || mcc_id: 1389319 || mccid_int: 0 || rlmax: 27.550000 || rlmin: 27.130000 || segside:  || statusid: 0 || streetid: 0 || street_group: 19082 || start_lat: -37.807053 || start_lon: 144.955545 || end_lat: -37.806493 || end_lon: 144.955644 || 
Franklin Street between Elizabeth Street and Queen Street
--> footpath_id: 19082 || address:  || clue_sa: West Melbourne, Residential || asset_type: Road Footway || deltaz: 0.420000 || distance: 4.430000 || grade1in: 10.500000 || mcc_id: 1389319 || mccid_int: 0 || rlmax: 27.550000 || rlmin: 27.130000 || segside:  || statusid: 0 || streetid: 0 || street_group: 19082 || start_lat: -37.807053 || start_lon: 144.955545 || end_lat: -37.806493 || end_lon: 144.955644 || 
Faraday Street between Canning Street and Rathdowne Street
--> footpath_id: 19082 || address:  || clue_sa: West Melbourne, Residential || asset_type: Road Footway || deltaz: 0.420000 || distance: 4.430000 || grade1in: 10.500000 || mcc_id: 1389319 || mccid_int: 0 || rlmax: 27.550000 || rlmin: 27.130000 || segside:  || statusid: 0 || streetid: 0 || street_group: 19082 || start_lat: -37.807053 || start_lon: 144.955545 || end_lat: -37.806493 || end_lon: 144.955644 || 
O'Connell Street between Queensberry Street and Peel Street
--> footpath_id: 19082 || address:  || clue_sa: West Melbourne, Residential || asset_type: Road Footway || deltaz: 0.420000 || distance: 4.430000 || grade1in: 10.500000 || mcc_id: 1389319 || mccid_int: 0 || rlmax: 27.550000 || rlmin: 27.130000 || segside:  || statusid: 0 || streetid: 0 || street_group: 19082 || start_lat: -37.807053 || start_lon: 144.955545 || end_lat: -37.806493 || end_lon: 144.955644 || 
Palmerston Street between Nicholson Street and Canning Street
--> footpath_id: 19082 || address:  || clue_sa: West Melbourne, Residential || asset_type: Road Footway || deltaz: 0.420000 || distance: 4.430000 || grade1in: 10.500000 || mcc_id: 1389319 || mccid_int: 0 || rlmax: 27.550000 || rlmin: 27.130000 || segside:  || statusid: 0 || streetid: 0 || street_group: 19082 || start_lat: -37.807053 || start_lon: 144.955545 || end_lat: -37.806493 || end_lon: 144.955644 || 
Cemetery Road East between College Crescent and Lygon Street
--> footpath_id: 19082 || address:  || clue_sa: West Melbourne, Residential || asset_type: Road Footway || deltaz: 0.420000 || distance: 4.430000 || grade1in: 10.500000 || mcc_id: 1389319 || mccid_int: 0 || rlmax: 27.550000 || rlmin: 27.130000 || segside:  || statusid: 0 || streetid: 0 || street_group: 19082 || start_lat: -37.807053 || start_lon: 144.955545 || end_lat: -37.806493 || end_lon: 144.955644 || 
Pelham Street between Bouverie Street and Leicester Street
--> footpath_id: 19082 || address:  || clue_sa: West Melbourne, Residential || asset_type: Road Footway || deltaz: 0.420000 || distance: 4.430000 || grade1in: 10.500000 || mcc_id: 1389319 || mccid_int: 0 || rlmax: 27.550000 || rlmin: 27.130000 || segside:  || statusid: 0 || streetid: 0 || street_group: 19082 || start_lat: -37.807053 || start_lon: 144.955545 || end_lat: -37.806493 || end_lon: 144.955644 || 
Morrah Street between Fitzgibbon Street and Wimble Street
--> footpath_id: 19082 || address:  || clue_sa: West Melbourne, Residential || asset_type: Road Footway || deltaz: 0.420000 || distance: 4.430000 || grade1in: 10.500000 || mcc_id: 1389319 || mccid_int: 0 || rlmax: 27.550000 || rlmin: 27.130000 || segside:  || statusid: 0 || streetid: 0 || street_group: 19082 || start_lat: -37.807053 || start_lon: 144.955545 || end_lat: -37.806493 || end_lon: 144.955644 || 
Berkeley Street between Pelham Street and Grattan Street
--> footpath_id: 19082 || address:  || clue_sa: West Melbourne, Residential || asset_type: Road Footway || deltaz: 0.420000 || distance: 4.430000 || grade1in: 10.500000 || mcc_id: 1389319 || mccid_int: 0 || rlmax: 27.550000 || rlmin: 27.130000 || segside:  || statusid: 0 || streetid: 0 || street_group: 19082 || start_lat: -37.807053 || start_lon: 144.955545 || end_lat: -37.806493 || end_lon: 144.955644 || 
Lygon Street between Queensberry Street and Argyle Place South
--> footpath_id: 19082 || address:  || clue_sa: West Melbourne, Residential || asset_type: Road Footway || deltaz: 0.420000 || distance: 4.430000 || grade1in: 10.500000 || mcc_id: 1389319 || mccid_int: 0 || rlmax: 27.550000 || rlmin: 27.130000 || segside:  || statusid: 0 || streetid: 0 || street_group: 19082 || start_lat: -37.807053 || start_lon: 144.955545 || end_lat: -37.806493 || end_lon: 144.955644 || 
Exhibition Street between La Trobe Street and Victoria Street
--> footpath_id: 19082 || address:  || clue_sa: West Melbourne, Residential || asset_type: Road Footway || deltaz: 0.420000 || distance: 4.430000 || grade1in: 10.500000 || mcc_id: 1389319 || mccid_int: 0 || rlmax: 27.550000 || rlmin: 27.130000 || segside:  || statusid: 0 || streetid: 0 || street_group: 19082 || start_lat: -37.807053 || start_lon: 144.955545 || end_lat: -37.806493 || end_lon: 144.955644 || 
Princes Park Drive between Cemetery Road West and MacPherson Street
--> footpath_id: 19082 || address:  || clue_sa: West Melbourne, Residential || asset_type: Road Footway || deltaz: 0.420000 || distance: 4.430000 || grade1in: 10.500000 || mcc_id: 1389319 || mccid_int: 0 || rlmax: 27.550000 || rlmin: 27.130000 || segside:  || statusid: 0 || streetid: 0 || street_group: 19082 || start_lat: -37.807053 || start_lon: 144.955545 || end_lat: -37.806493 || end_lon: 144.955644 || 
Little La Trobe Street between Swanston Street and Elizabeth Street
--> footpath_id: 19082 || address:  || clue_sa: West Melbourne, Residential || asset_type: Road Footway || deltaz: 0.420000 || distance: 4.430000 || grade1in: 10.500000 || mcc_id: 1389319 || mccid_int: 0 || rlmax: 27.550000 || rlmin: 27.130000 || segside:  || statusid: 0 || streetid: 0 || street_group: 19082 || start_lat: -37.807053 || start_lon: 144.955545 || end_lat: -37.806493 || end_lon: 144.955644 || 
Palmerston Street between Rathdowne Street and Drummond Street
--> footpath_id: 19082 || address:  || clue_sa: West Melbourne, Residential || asset_type: Road Footway || deltaz: 0.420000 || distance: 4.430000 || grade1in: 10.500000 || mcc_id: 1389319 || mccid_int: 0 || rlmax: 27.550000 || rlmin: 27.130000 || segside:  || statusid: 0 || streetid: 0 || street_group: 19082 || start_lat: -37.807053 || start_lon: 144.955545 || end_lat: -37.806493 || end_lon: 144.955644 || 
Canning Street between Palmerston Street and Pitt Street
--> footpath_id: 19082 || address:  || clue_sa: West Melbourne, Residential || asset_type: Road Footway || deltaz: 0.420000 || distance: 4.430000 || grade1in: 10.500000 || mcc_id: 1389319 || mccid_int: 0 || rlmax: 27.550000 || rlmin: 27.130000 || segside:  || statusid: 0 || streetid: 0 || street_group: 19082 || start_lat: -37.807053 || start_lon: 144.955545 || end_lat: -37.806493 || end_lon: 144.955644 || 
Drummond Street between Faraday Street and Elgin Street
--> footpath_id: 19082 || address:  || clue_sa: West Melbourne, Residential || asset_type: Road Footway || deltaz: 0.420000 || distance: 4.430000 || grade1in: 10.500000 || mcc_id: 1389319 || mccid_int: 0 || rlmax: 27.550000 || rlmin: 27.130000 || segside:  || statusid: 0 || streetid: 0 || street_group: 19082 || start_lat: -37.807053 || start_lon: 144.955545 || end_lat: -37.806493 || end_lon: 144.955644 || 
Swanston Street between Faraday Street and Elgin Street
--> footpath_id: 19082 || address:  || clue_sa: West Melbourne, Residential || asset_type: Road Footway || deltaz: 0.420000 || distance: 4.430000 || grade1in: 10.500000 || mcc_id: 1389319 || mccid_int: 0 || rlmax: 27.550000 || rlmin: 27.130000 || segside:  || statusid: 0 || streetid: 0 || street_group: 19082 || start_lat: -37.807053 || start_lon: 144.955545 || end_lat: -37.806493 || end_lon: 144.955644 || 
Intersection of Queen Street and Franklin Street
--> footpath_id: 19082 || address:  || clue_sa: West Melbourne, Residential || asset_type: Road Footway || deltaz: 0.420000 || distance: 4.430000 || grade1in: 10.500000 || mcc_id: 1389319 || mccid_int: 0 || rlmax: 27.550000 || rlmin: 27.130000 || segside:  || statusid: 0 || streetid: 0 || street_group: 19082 || start_lat: -37.807053 || start_lon: 144.955545 || end_lat: -37.806493 || end_lon: 144.955644 || 
Peel Street between Queensberry Street and Elizabeth Street
--> footpath_id: 19082 || address:  || clue_sa: West Melbourne, Residential || asset_type: Road Footway || deltaz: 0.420000 || distance: 4.430000 || grade1in: 10.500000 || mcc_id: 1389319 || mccid_int: 0 || rlmax: 27.550000 || rlmin: 27.130000 || segside:  || statusid: 0 || streetid: 0 || street_group: 19082 || start_lat: -37.807053 || start_lon: 144.955545 || end_lat: -37.806493 || end_lon: 144.955644 || 
Albert Street between Nicholson Street and Gisborne Street
--> footpath_id: 19082 || address:  || clue_sa: West Melbourne, Residential || asset_type: Road Footway || deltaz: 0.420000 || distance: 4.430000 || grade1in: 10.500000 || mcc_id: 1389319 || mccid_int: 0 || rlmax: 27.550000 || rlmin: 27.130000 || segside:  || statusid: 0 || streetid: 0 || street_group: 19082 || start_lat: -37.807053 || start_lon: 144.955545 || end_lat: -37.806493 || end_lon: 144.955644 || 
MacArthur Place North between Canning Street and Rathdowne Street
--> footpath_id: 19082 || address:  || clue_sa: West Melbourne, Residential || asset_type: Road Footway || deltaz: 0.420000 || distance: 4.430000 || grade1in: 10.500000 || mcc_id: 1389319 || mccid_int: 0 || rlmax: 27.550000 || rlmin: 27.130000 || segside:  || statusid: 0 || streetid: 0 || street_group: 19082 || start_lat: -37.807053 || start_lon: 144.955545 || end_lat: -37.806493 || end_lon: 144.955644 || 
Astor Place from Lygon Street
--> footpath_id: 19082 || address:  || clue_sa: West Melbourne, Residential || asset_type: Road Footway || deltaz: 0.420000 || distance: 4.430000 || grade1in: 10.500000 || mcc_id: 1389319 || mccid_int: 0 || rlmax: 27.550000 || rlmin: 27.130000 || segside:  || statusid: 0 || streetid: 0 || street_group: 19082 || start_lat: -37.807053 || start_lon: 144.955545 || end_lat: -37.806493 || end_lon: 144.955644 || 
Palmerston Street between Lygon Street and Keppel Street
--> footpath_id: 19082 || address:  || clue_sa: West Melbourne, Residential || asset_type: Road Footway || deltaz: 0.420000 || distance: 4.430000 || grade1in: 10.500000 || mcc_id: 1389319 || mccid_int: 0 || rlmax: 27.550000 || rlmin: 27.130000 || segside:  || statusid: 0 || streetid: 0 || street_group: 19082 || start_lat: -37.807053 || start_lon: 144.955545 || end_lat: -37.806493 || end_lon: 144.955644 || 
Elizabeth Street between Therry Street and Victoria Street
--> footpath_id: 19082 || address:  || clue_sa: West Melbourne, Residential || asset_type: Road Footway || deltaz: 0.420000 || distance: 4.430000 || grade1in: 10.500000 || mcc_id: 1389319 || mccid_int: 0 || rlmax: 27.550000 || rlmin: 27.130000 || segside:  || statusid: 0 || streetid: 0 || street_group: 19082 || start_lat: -37.807053 || start_lon: 144.955545 || end_lat: -37.806493 || end_lon: 144.955644 || 
Elgin Street between Nicholson Street and Canning Street
--> footpath_id: 19082 || address:  || clue_sa: West Melbourne, Residential || asset_type: Road Footway || deltaz: 0.420000 || distance: 4.430000 || grade1in: 10.500000 || mcc_id: 1389319 || mccid_int: 0 || rlmax: 27.550000 || rlmin: 27.130000 || segside:  || statusid: 0 || streetid: 0 || street_group: 19082 || start_lat: -37.807053 || start_lon: 144.955545 || end_lat: -37.806493 || end_lon: 144.955644 || 
Queensberry Street between Drummond Street and Lygon Street
--> footpath_id: 19082 || address:  || clue_sa: West Melbourne, Residential || asset_type: Road Footway || deltaz: 0.420000 || distance: 4.430000 || grade1in: 10.500000 || mcc_id: 1389319 || mccid_int: 0 || rlmax: 27.550000 || rlmin: 27.130000 || segside:  || statusid: 0 || streetid: 0 || street_group: 19082 || start_lat: -37.807053 || start_lon: 144.955545 || end_lat: -37.806493 || end_lon: 144.955644 || 
Victoria Parade between Nicholson Street and Gisborne Street
--> footpath_id: 19082 || address:  || clue_sa: West Melbourne, Residential || asset_type: Road Footway || deltaz: 0.420000 || distance: 4.430000 || grade1in: 10.500000 || mcc_id: 1389319 || mccid_int: 0 || rlmax: 27.550000 || rlmin: 27.130000 || segside:  || statusid: 0 || streetid: 0 || street_group: 19082 || start_lat: -37.807053 || start_lon: 144.955545 || end_lat: -37.806493 || end_lon: 144.955644 || 
Nicholson Street between Palmerston Street and Kay Street
--> footpath_id: 19082 || address:  || clue_sa: West Melbourne, Residential || asset_type: Road Footway || deltaz: 0.420000 || distance: 4.430000 || grade1in: 10.500000 || mcc_id: 1389319 || mccid_int: 0 || rlmax: 27.550000 || rlmin: 27.130000 || segside:  || statusid: 0 || streetid: 0 || street_group: 19082 || start_lat: -37.807053 || start_lon: 144.955545 || end_lat: -37.806493 || end_lon: 144.955644 || 
Royal Parade between Grattan Street and Story Street
--> footpath_id: 19082 || address:  || clue_sa: West Melbourne, Residential || asset_type: Road Footway || deltaz: 0.420000 || distance: 4.430000 || grade1in: 10.500000 || mcc_id: 1389319 || mccid_int: 0 || rlmax: 27.550000 || rlmin: 27.130000 || segside:  || statusid: 0 || streetid: 0 || street_group: 19082 || start_lat: -37.807053 || start_lon: 144.955545 || end_lat: -37.806493 || end_lon: 144.955644 || 
Cathedral Place between Lansdowne Street and Gisborne Street
--> footpath_id: 19082 || address:  || clue_sa: West Melbourne, Residential || asset_type: Road Footway || deltaz: 0.420000 || distance: 4.430000 || grade1in: 10.500000 || mcc_id: 1389319 || mccid_int: 0 || rlmax: 27.550000 || rlmin: 27.130000 || segside:  || statusid: 0 || streetid: 0 || street_group: 19082 || start_lat: -37.807053 || start_lon: 144.955545 || end_lat: -37.806493 || end_lon: 144.955644 || 
Queensberry Street between Lygon Street and Cardigan Street
--> footpath_id: 19082 || address:  || clue_sa: West Melbourne, Residential || asset_type: Road Footway || deltaz: 0.420000 || distance: 4.430000 || grade1in: 10.500000 || mcc_id: 1389319 || mccid_int: 0 || rlmax: 27.550000 || rlmin: 27.130000 || segside:  || statusid: 0 || streetid: 0 || street_group: 19082 || start_lat: -37.807053 || start_lon: 144.955545 || end_lat: -37.806493 || end_lon: 144.955644 || 
Drummond Street between Pelham Street and Grattan Street
--> footpath_id: 19082 || address:  || clue_sa: West Melbourne, Residential || asset_type: Road Footway || deltaz: 0.420000 || distance: 4.430000 || grade1in: 10.500000 || mcc_id: 1389319 || mccid_int: 0 || rlmax: 27.550000 || rlmin: 27.130000 || segside:  || statusid: 0 || streetid: 0 || street_group: 19082 || start_lat: -37.807053 || start_lon: 144.955545 || end_lat: -37.806493 || end_lon: 144.955644 || 
O'Connell Street between Victoria Street and Queensberry Street
--> footpath_id: 19082 || address:  || clue_sa: West Melbourne, Residential || asset_type: Road Footway || deltaz: 0.420000 || distance: 4.430000 || grade1in: 10.500000 || mcc_id: 1389319 || mccid_int: 0 || rlmax: 27.550000 || rlmin: 27.130000 || segside:  || statusid: 0 || streetid: 0 || street_group: 19082 || start_lat: -37.807053 || start_lon: 144.955545 || end_lat: -37.806493 || end_lon: 144.955644 || 
University Street between Rathdowne Street and Drummond Street
--> footpath_id: 19082 || address:  || clue_sa: West Melbourne, Residential || asset_type: Road Footway || deltaz: 0.420000 || distance: 4.430000 || grade1in: 10.500000 || mcc_id: 1389319 || mccid_int: 0 || rlmax: 27.550000 || rlmin: 27.130000 || segside:  || statusid: 0 || streetid: 0 || street_group: 19082 || start_lat: -37.807053 || start_lon: 144.955545 || end_lat: -37.806493 || end_lon: 144.955644 || 
A'Beckett Street between Wills Street and Queen Street
--> footpath_id: 19082 || address:  || clue_sa: West Melbourne, Residential || asset_type: Road Footway || deltaz: 0.420000 || distance: 4.430000 || grade1in: 10.500000 || mcc_id: 1389319 || mccid_int: 0 || rlmax: 27.550000 || rlmin: 27.130000 || segside:  || statusid: 0 || streetid: 0 || street_group: 19082 || start_lat: -37.807053 || start_lon: 144.955545 || end_lat: -37.806493 || end_lon: 144.955644 || 
Little Barkly Street between Faraday Street and Rathdowne Street
--> footpath_id: 19082 || address:  || clue_sa: West Melbourne, Residential || asset_type: Road Footway || deltaz: 0.420000 || distance: 4.430000 || grade1in: 10.500000 || mcc_id: 1389319 || mccid_int: 0 || rlmax: 27.550000 || rlmin: 27.130000 || segside:  || statusid: 0 || streetid: 0 || street_group: 19082 || start_lat: -37.807053 || start_lon: 144.955545 || end_lat: -37.806493 || end_lon: 144.955644 || 
Lygon Street between Argyle Place South and Pelham Street
--> footpath_id: 19082 || address:  || clue_sa: West Melbourne, Residential || asset_type: Road Footway || deltaz: 0.420000 || distance: 4.430000 || grade1in: 10.500000 || mcc_id: 1389319 || mccid_int: 0 || rlmax: 27.550000 || rlmin: 27.130000 || segside:  || statusid: 0 || streetid: 0 || street_group: 19082 || start_lat: -37.807053 || start_lon: 144.955545 || end_lat: -37.806493 || end_lon: 144.955644 || 
Victoria Street between Bouverie Street and Elizabeth Street
--> footpath_id: 19082 || address:  || clue_sa: West Melbourne, Residential || asset_type: Road Footway || deltaz: 0.420000 || distance: 4.430000 || grade1in: 10.500000 || mcc_id: 1389319 || mccid_int: 0 || rlmax: 27.550000 || rlmin: 27.130000 || segside:  || statusid: 0 || streetid: 0 || street_group: 19082 || start_lat: -37.807053 || start_lon: 144.955545 || end_lat: -37.806493 || end_lon: 144.955644 || 
